
2025-07-16 14:39:37 [restartedMain] INFO  m.e.u.i.i.Idgs0901Application - Starting Idgs0901Application using Java 23 with PID 18904 (C:\PONCE\WSAPP\proyecto\ProyectoBackendDWI\BACKEND\target\classes started by jacp2 in C:\PONCE\WSAPP\proyecto\ProyectoBackendDWI\BACKEND)
2025-07-16 14:39:37 [restartedMain] INFO  m.e.u.i.i.Idgs0901Application - No active profile set, falling back to 1 default profile: "default"
2025-07-16 14:39:38 [restartedMain] INFO  m.e.u.i.i.Idgs0901Application - Started Idgs0901Application in 0.564 seconds (process running for 1332.131)
2025-07-16 14:40:16 [restartedMain] INFO  m.e.u.i.i.Idgs0901Application - Starting Idgs0901Application using Java 23 with PID 18904 (C:\PONCE\WSAPP\proyecto\ProyectoBackendDWI\BACKEND\target\classes started by jacp2 in C:\PONCE\WSAPP\proyecto\ProyectoBackendDWI\BACKEND)
2025-07-16 14:40:16 [restartedMain] INFO  m.e.u.i.i.Idgs0901Application - No active profile set, falling back to 1 default profile: "default"
2025-07-16 14:40:16 [restartedMain] INFO  o.s.d.r.c.RepositoryConfigurationDelegate - Bootstrapping Spring Data JPA repositories in DEFAULT mode.
2025-07-16 14:40:16 [restartedMain] INFO  o.s.d.r.c.RepositoryConfigurationDelegate - Finished Spring Data repository scanning in 11 ms. Found 4 JPA repository interfaces.
2025-07-16 14:40:16 [restartedMain] INFO  o.s.cloud.context.scope.GenericScope - BeanFactory id=3cda9e99-9ceb-3997-9892-52d578b03454
2025-07-16 14:40:16 [restartedMain] INFO  o.s.b.w.e.tomcat.TomcatWebServer - Tomcat initialized with port 8080 (http)
2025-07-16 14:40:16 [restartedMain] INFO  o.a.catalina.core.StandardService - Starting service [Tomcat]
2025-07-16 14:40:16 [restartedMain] INFO  o.a.catalina.core.StandardEngine - Starting Servlet engine: [Apache Tomcat/10.1.24]
2025-07-16 14:40:16 [restartedMain] INFO  o.a.c.c.C.[Tomcat].[localhost].[/] - Initializing Spring embedded WebApplicationContext
2025-07-16 14:40:16 [restartedMain] INFO  o.s.b.w.s.c.ServletWebServerApplicationContext - Root WebApplicationContext: initialization completed in 301 ms
2025-07-16 14:40:16 [restartedMain] INFO  com.zaxxer.hikari.HikariDataSource - HikariPool-10 - Starting...
2025-07-16 14:40:16 [restartedMain] INFO  com.zaxxer.hikari.pool.HikariPool - HikariPool-10 - Added connection com.mysql.cj.jdbc.ConnectionImpl@41126b3
2025-07-16 14:40:16 [restartedMain] INFO  com.zaxxer.hikari.HikariDataSource - HikariPool-10 - Start completed.
2025-07-16 14:40:16 [restartedMain] INFO  o.h.jpa.internal.util.LogHelper - HHH000204: Processing PersistenceUnitInfo [name: default]
2025-07-16 14:40:16 [restartedMain] INFO  o.h.c.i.RegionFactoryInitiator - HHH000026: Second-level cache disabled
2025-07-16 14:40:16 [restartedMain] INFO  o.s.o.j.p.SpringPersistenceUnitInfo - No LoadTimeWeaver setup: ignoring JPA class transformer
2025-07-16 14:40:16 [restartedMain] WARN  org.hibernate.orm.deprecation - HHH90000025: MySQLDialect does not need to be specified explicitly using 'hibernate.dialect' (remove the property setting and it will be selected by default)
2025-07-16 14:40:16 [restartedMain] INFO  o.h.e.t.j.p.i.JtaPlatformInitiator - HHH000489: No JTA platform available (set 'hibernate.transaction.jta.platform' to enable JTA platform integration)
2025-07-16 14:40:16 [restartedMain] INFO  o.s.o.j.LocalContainerEntityManagerFactoryBean - Initialized JPA EntityManagerFactory for persistence unit 'default'
2025-07-16 14:40:17 [restartedMain] WARN  o.s.b.a.o.j.JpaBaseConfiguration$JpaWebConfiguration - spring.jpa.open-in-view is enabled by default. Therefore, database queries may be performed during view rendering. Explicitly configure spring.jpa.open-in-view to disable this warning
2025-07-16 14:40:17 [restartedMain] INFO  o.s.b.d.a.OptionalLiveReloadServer - LiveReload server is running on port 35729
2025-07-16 14:40:17 [restartedMain] WARN  o.s.b.a.t.ThymeleafAutoConfiguration$DefaultTemplateResolverConfiguration - Cannot find template location: classpath:/templates/ (please add some templates, check your Thymeleaf configuration, or set spring.thymeleaf.check-template-location=false)
2025-07-16 14:40:17 [restartedMain] INFO  o.s.b.w.e.tomcat.TomcatWebServer - Tomcat started on port 8080 (http) with context path '/'
2025-07-16 14:40:17 [restartedMain] INFO  m.e.u.i.i.Idgs0901Application - Started Idgs0901Application in 0.641 seconds (process running for 1370.834)
2025-07-16 14:40:17 [restartedMain] INFO  o.s.b.d.a.ConditionEvaluationDeltaLoggingListener - Condition evaluation unchanged
2025-07-16 14:40:22 [http-nio-8080-exec-1] INFO  o.a.c.c.C.[Tomcat].[localhost].[/] - Initializing Spring DispatcherServlet 'dispatcherServlet'
2025-07-16 14:40:22 [http-nio-8080-exec-1] INFO  o.s.web.servlet.DispatcherServlet - Initializing Servlet 'dispatcherServlet'
2025-07-16 14:40:22 [http-nio-8080-exec-1] INFO  o.s.web.servlet.DispatcherServlet - Completed initialization in 1 ms
2025-07-16 14:40:22 [http-nio-8080-exec-1] DEBUG org.hibernate.SQL - select u1_0.id,u1_0.password,u1_0.username from usuarios u1_0 where u1_0.username=?
2025-07-16 14:40:22 [http-nio-8080-exec-1] WARN  SECURITY -  Login failed for user: zoro | Reason: Invalid credentials
2025-07-16 14:40:23 [http-nio-8080-exec-2] DEBUG org.hibernate.SQL - select u1_0.id,u1_0.password,u1_0.username from usuarios u1_0 where u1_0.username=?
2025-07-16 14:40:23 [http-nio-8080-exec-2] WARN  SECURITY -  Login failed for user: zoro | Reason: Invalid credentials
